<?xml version="1.0" encoding="utf-8"?><testsuites><testsuite name="pytest" errors="15" failures="0" skipped="0" tests="15" time="2.089" timestamp="2023-10-02T09:34:35.838596" hostname="banks"><testcase classname="" name="tests.calcs.test_accessible_paths" time="0.000"><error message="collection failure">ImportError while importing test module '/Users/harmsm/work/programming/git-clones/eee/tests/calcs/test_accessible_paths.py'.
Hint: make sure your test modules/packages have valid Python names.
Traceback:
../../../../miniconda3/lib/python3.9/importlib/__init__.py:127: in import_module
    return _bootstrap._gcd_import(name[level:], package, level)
tests/calcs/test_accessible_paths.py:3: in &lt;module&gt;
    from eee.calcs.accessible_paths import AccessiblePaths
eee/calcs/__init__.py:9: in &lt;module&gt;
    from .wf_sim import WrightFisherSimulation
eee/calcs/wf_sim.py:6: in &lt;module&gt;
    from eee.core.engine import wright_fisher
eee/core/engine/__init__.py:5: in &lt;module&gt;
    from .wright_fisher import wright_fisher
eee/core/engine/wright_fisher.py:5: in &lt;module&gt;
    from eee.core import Genotype
E   ImportError: cannot import name 'Genotype' from 'eee.core' (/Users/harmsm/work/programming/git-clones/eee/eee/core/__init__.py)</error></testcase><testcase classname="" name="tests.calcs.test_dms" time="0.000"><error message="collection failure">ImportError while importing test module '/Users/harmsm/work/programming/git-clones/eee/tests/calcs/test_dms.py'.
Hint: make sure your test modules/packages have valid Python names.
Traceback:
../../../../miniconda3/lib/python3.9/importlib/__init__.py:127: in import_module
    return _bootstrap._gcd_import(name[level:], package, level)
tests/calcs/test_dms.py:3: in &lt;module&gt;
    from eee.calcs import DeepMutationalScan
eee/calcs/__init__.py:9: in &lt;module&gt;
    from .wf_sim import WrightFisherSimulation
eee/calcs/wf_sim.py:6: in &lt;module&gt;
    from eee.core.engine import wright_fisher
eee/core/engine/__init__.py:5: in &lt;module&gt;
    from .wright_fisher import wright_fisher
eee/core/engine/wright_fisher.py:5: in &lt;module&gt;
    from eee.core import Genotype
E   ImportError: cannot import name 'Genotype' from 'eee.core' (/Users/harmsm/work/programming/git-clones/eee/eee/core/__init__.py)</error></testcase><testcase classname="" name="tests.calcs.test_simulation_base" time="0.000"><error message="collection failure">ImportError while importing test module '/Users/harmsm/work/programming/git-clones/eee/tests/calcs/test_simulation_base.py'.
Hint: make sure your test modules/packages have valid Python names.
Traceback:
../../../../miniconda3/lib/python3.9/importlib/__init__.py:127: in import_module
    return _bootstrap._gcd_import(name[level:], package, level)
tests/calcs/test_simulation_base.py:5: in &lt;module&gt;
    from eee.core import Genotype
E   ImportError: cannot import name 'Genotype' from 'eee.core' (/Users/harmsm/work/programming/git-clones/eee/eee/core/__init__.py)</error></testcase><testcase classname="" name="tests.calcs.test_simulation_calcs___init__" time="0.000"><error message="collection failure">ImportError while importing test module '/Users/harmsm/work/programming/git-clones/eee/tests/calcs/test_simulation_calcs___init__.py'.
Hint: make sure your test modules/packages have valid Python names.
Traceback:
../../../../miniconda3/lib/python3.9/importlib/__init__.py:127: in import_module
    return _bootstrap._gcd_import(name[level:], package, level)
tests/calcs/test_simulation_calcs___init__.py:3: in &lt;module&gt;
    from eee.calcs import CALC_AVAILABLE
eee/calcs/__init__.py:9: in &lt;module&gt;
    from .wf_sim import WrightFisherSimulation
eee/calcs/wf_sim.py:6: in &lt;module&gt;
    from eee.core.engine import wright_fisher
eee/core/engine/__init__.py:5: in &lt;module&gt;
    from .wright_fisher import wright_fisher
eee/core/engine/wright_fisher.py:5: in &lt;module&gt;
    from eee.core import Genotype
E   ImportError: cannot import name 'Genotype' from 'eee.core' (/Users/harmsm/work/programming/git-clones/eee/eee/core/__init__.py)</error></testcase><testcase classname="" name="tests.calcs.test_wf_sim" time="0.000"><error message="collection failure">ImportError while importing test module '/Users/harmsm/work/programming/git-clones/eee/tests/calcs/test_wf_sim.py'.
Hint: make sure your test modules/packages have valid Python names.
Traceback:
../../../../miniconda3/lib/python3.9/importlib/__init__.py:127: in import_module
    return _bootstrap._gcd_import(name[level:], package, level)
tests/calcs/test_wf_sim.py:3: in &lt;module&gt;
    from eee.calcs import WrightFisherSimulation
eee/calcs/__init__.py:9: in &lt;module&gt;
    from .wf_sim import WrightFisherSimulation
eee/calcs/wf_sim.py:6: in &lt;module&gt;
    from eee.core.engine import wright_fisher
eee/core/engine/__init__.py:5: in &lt;module&gt;
    from .wright_fisher import wright_fisher
eee/core/engine/wright_fisher.py:5: in &lt;module&gt;
    from eee.core import Genotype
E   ImportError: cannot import name 'Genotype' from 'eee.core' (/Users/harmsm/work/programming/git-clones/eee/eee/core/__init__.py)</error></testcase><testcase classname="" name="tests.calcs.test_wf_tree_sim" time="0.000"><error message="collection failure">ImportError while importing test module '/Users/harmsm/work/programming/git-clones/eee/tests/calcs/test_wf_tree_sim.py'.
Hint: make sure your test modules/packages have valid Python names.
Traceback:
../../../../miniconda3/lib/python3.9/importlib/__init__.py:127: in import_module
    return _bootstrap._gcd_import(name[level:], package, level)
tests/calcs/test_wf_tree_sim.py:3: in &lt;module&gt;
    from eee.calcs import WrightFisherTreeSimulation
eee/calcs/__init__.py:9: in &lt;module&gt;
    from .wf_sim import WrightFisherSimulation
eee/calcs/wf_sim.py:6: in &lt;module&gt;
    from eee.core.engine import wright_fisher
eee/core/engine/__init__.py:5: in &lt;module&gt;
    from .wright_fisher import wright_fisher
eee/core/engine/wright_fisher.py:5: in &lt;module&gt;
    from eee.core import Genotype
E   ImportError: cannot import name 'Genotype' from 'eee.core' (/Users/harmsm/work/programming/git-clones/eee/eee/core/__init__.py)</error></testcase><testcase classname="" name="tests.core.engine.test_exhaustive" time="0.000"><error message="collection failure">ImportError while importing test module '/Users/harmsm/work/programming/git-clones/eee/tests/core/engine/test_exhaustive.py'.
Hint: make sure your test modules/packages have valid Python names.
Traceback:
../../../../miniconda3/lib/python3.9/importlib/__init__.py:127: in import_module
    return _bootstrap._gcd_import(name[level:], package, level)
tests/core/engine/test_exhaustive.py:3: in &lt;module&gt;
    from eee.core.engine.exhaustive import exhaustive
eee/core/engine/__init__.py:5: in &lt;module&gt;
    from .wright_fisher import wright_fisher
eee/core/engine/wright_fisher.py:5: in &lt;module&gt;
    from eee.core import Genotype
E   ImportError: cannot import name 'Genotype' from 'eee.core' (/Users/harmsm/work/programming/git-clones/eee/eee/core/__init__.py)</error></testcase><testcase classname="" name="tests.core.engine.test_follow_tree" time="0.000"><error message="collection failure">ImportError while importing test module '/Users/harmsm/work/programming/git-clones/eee/tests/core/engine/test_follow_tree.py'.
Hint: make sure your test modules/packages have valid Python names.
Traceback:
../../../../miniconda3/lib/python3.9/importlib/__init__.py:127: in import_module
    return _bootstrap._gcd_import(name[level:], package, level)
tests/core/engine/test_follow_tree.py:3: in &lt;module&gt;
    from eee.core.engine.follow_tree import _simulate_branch
eee/core/engine/__init__.py:5: in &lt;module&gt;
    from .wright_fisher import wright_fisher
eee/core/engine/wright_fisher.py:5: in &lt;module&gt;
    from eee.core import Genotype
E   ImportError: cannot import name 'Genotype' from 'eee.core' (/Users/harmsm/work/programming/git-clones/eee/eee/core/__init__.py)</error></testcase><testcase classname="" name="tests.core.engine.test_pathfinder" time="0.000"><error message="collection failure">ImportError while importing test module '/Users/harmsm/work/programming/git-clones/eee/tests/core/engine/test_pathfinder.py'.
Hint: make sure your test modules/packages have valid Python names.
Traceback:
../../../../miniconda3/lib/python3.9/importlib/__init__.py:127: in import_module
    return _bootstrap._gcd_import(name[level:], package, level)
tests/core/engine/test_pathfinder.py:3: in &lt;module&gt;
    from eee.core.engine.pathfinder import _traverse
eee/core/engine/__init__.py:5: in &lt;module&gt;
    from .wright_fisher import wright_fisher
eee/core/engine/wright_fisher.py:5: in &lt;module&gt;
    from eee.core import Genotype
E   ImportError: cannot import name 'Genotype' from 'eee.core' (/Users/harmsm/work/programming/git-clones/eee/eee/core/__init__.py)</error></testcase><testcase classname="" name="tests.core.engine.test_wright_fisher" time="0.000"><error message="collection failure">ImportError while importing test module '/Users/harmsm/work/programming/git-clones/eee/tests/core/engine/test_wright_fisher.py'.
Hint: make sure your test modules/packages have valid Python names.
Traceback:
../../../../miniconda3/lib/python3.9/importlib/__init__.py:127: in import_module
    return _bootstrap._gcd_import(name[level:], package, level)
tests/core/engine/test_wright_fisher.py:3: in &lt;module&gt;
    from eee.core.engine.wright_fisher import _write_outputs
eee/core/engine/__init__.py:5: in &lt;module&gt;
    from .wright_fisher import wright_fisher
eee/core/engine/wright_fisher.py:5: in &lt;module&gt;
    from eee.core import Genotype
E   ImportError: cannot import name 'Genotype' from 'eee.core' (/Users/harmsm/work/programming/git-clones/eee/eee/core/__init__.py)</error></testcase><testcase classname="" name="tests.core.fitness.test_fitness" time="0.000"><error message="collection failure">ImportError while importing test module '/Users/harmsm/work/programming/git-clones/eee/tests/core/fitness/test_fitness.py'.
Hint: make sure your test modules/packages have valid Python names.
Traceback:
../../../../miniconda3/lib/python3.9/importlib/__init__.py:127: in import_module
    return _bootstrap._gcd_import(name[level:], package, level)
tests/core/fitness/test_fitness.py:3: in &lt;module&gt;
    from eee import Ensemble
E   ImportError: cannot import name 'Ensemble' from 'eee' (/Users/harmsm/work/programming/git-clones/eee/eee/__init__.py)</error></testcase><testcase classname="" name="tests.io.test_read_conditions" time="0.000"><error message="collection failure">ImportError while importing test module '/Users/harmsm/work/programming/git-clones/eee/tests/io/test_read_conditions.py'.
Hint: make sure your test modules/packages have valid Python names.
Traceback:
../../../../miniconda3/lib/python3.9/importlib/__init__.py:127: in import_module
    return _bootstrap._gcd_import(name[level:], package, level)
tests/io/test_read_conditions.py:3: in &lt;module&gt;
    from eee import Ensemble
E   ImportError: cannot import name 'Ensemble' from 'eee' (/Users/harmsm/work/programming/git-clones/eee/eee/__init__.py)</error></testcase><testcase classname="" name="tests.io.test_read_json" time="0.000"><error message="collection failure">ImportError while importing test module '/Users/harmsm/work/programming/git-clones/eee/tests/io/test_read_json.py'.
Hint: make sure your test modules/packages have valid Python names.
Traceback:
../../../../miniconda3/lib/python3.9/importlib/__init__.py:127: in import_module
    return _bootstrap._gcd_import(name[level:], package, level)
tests/io/test_read_json.py:3: in &lt;module&gt;
    from eee.calcs.read_json import _validate_calc_kwargs
eee/calcs/__init__.py:9: in &lt;module&gt;
    from .wf_sim import WrightFisherSimulation
eee/calcs/wf_sim.py:6: in &lt;module&gt;
    from eee.core.engine import wright_fisher
eee/core/engine/__init__.py:5: in &lt;module&gt;
    from .wright_fisher import wright_fisher
eee/core/engine/wright_fisher.py:5: in &lt;module&gt;
    from eee.core import Genotype
E   ImportError: cannot import name 'Genotype' from 'eee.core' (/Users/harmsm/work/programming/git-clones/eee/eee/core/__init__.py)</error></testcase><testcase classname="" name="tests.simulation.analysis.test_ensemble_fitness" time="0.000"><error message="collection failure">ImportError while importing test module '/Users/harmsm/work/programming/git-clones/eee/tests/simulation/analysis/test_ensemble_fitness.py'.
Hint: make sure your test modules/packages have valid Python names.
Traceback:
../../../../miniconda3/lib/python3.9/importlib/__init__.py:127: in import_module
    return _bootstrap._gcd_import(name[level:], package, level)
tests/simulation/analysis/test_ensemble_fitness.py:2: in &lt;module&gt;
    from eee import Ensemble
E   ImportError: cannot import name 'Ensemble' from 'eee' (/Users/harmsm/work/programming/git-clones/eee/eee/__init__.py)</error></testcase><testcase classname="" name="tests.simulation.analysis.test_epistasis_and_accessibility" time="0.000"><error message="collection failure">ImportError while importing test module '/Users/harmsm/work/programming/git-clones/eee/tests/simulation/analysis/test_epistasis_and_accessibility.py'.
Hint: make sure your test modules/packages have valid Python names.
Traceback:
../../../../miniconda3/lib/python3.9/importlib/__init__.py:127: in import_module
    return _bootstrap._gcd_import(name[level:], package, level)
tests/simulation/analysis/test_epistasis_and_accessibility.py:4: in &lt;module&gt;
    from eee.simulation.analysis.epistasis_and_accessibility import _get_rings
eee/simulation/analysis/epistasis_and_accessibility.py:6: in &lt;module&gt;
    from eee.calcs import read_json
eee/calcs/__init__.py:9: in &lt;module&gt;
    from .wf_sim import WrightFisherSimulation
eee/calcs/wf_sim.py:6: in &lt;module&gt;
    from eee.core.engine import wright_fisher
eee/core/engine/__init__.py:5: in &lt;module&gt;
    from .wright_fisher import wright_fisher
eee/core/engine/wright_fisher.py:5: in &lt;module&gt;
    from eee.core import Genotype
E   ImportError: cannot import name 'Genotype' from 'eee.core' (/Users/harmsm/work/programming/git-clones/eee/eee/core/__init__.py)</error></testcase></testsuite></testsuites>